<?xml version="1.0" encoding="UTF-8"?>
<testng-results skipped="0" failed="0" ignored="14" total="15" passed="1">
  <reporter-output>
  </reporter-output>
  <suite name="Default suite" duration-ms="88562" started-at="2018-03-23T11:38:41Z" finished-at="2018-03-23T11:40:09Z">
    <groups>
    </groups>
    <test name="Default test" duration-ms="88562" started-at="2018-03-23T11:38:41Z" finished-at="2018-03-23T11:40:09Z">
      <class name="elastic.searchTest.AppTest">
        <test-method status="PASS" signature="beforeMethod()[pri:0, instance:elastic.searchTest.AppTest@18bf3d14]" name="beforeMethod" is-config="true" duration-ms="2958" started-at="2018-03-23T11:38:41Z" finished-at="2018-03-23T11:38:44Z">
          <reporter-output>
          </reporter-output>
        </test-method> <!-- beforeMethod -->
        <test-method status="PASS" signature="Test_SC_VOD()[pri:0, instance:elastic.searchTest.AppTest@18bf3d14]" name="Test_SC_VOD" duration-ms="83257" started-at="2018-03-23T11:38:44Z" finished-at="2018-03-23T11:40:07Z">
          <reporter-output>
          </reporter-output>
        </test-method> <!-- Test_SC_VOD -->
        <test-method status="PASS" signature="afterMethod()[pri:0, instance:elastic.searchTest.AppTest@18bf3d14]" name="afterMethod" is-config="true" duration-ms="2325" started-at="2018-03-23T11:40:07Z" finished-at="2018-03-23T11:40:09Z">
          <reporter-output>
          </reporter-output>
        </test-method> <!-- afterMethod -->
      </class> <!-- elastic.searchTest.AppTest -->
    </test> <!-- Default test -->
  </suite> <!-- Default suite -->
</testng-results>
