<?xml version="1.0" encoding="UTF-8"?>
<testng-results skipped="0" failed="0" ignored="0" total="1" passed="1">
  <reporter-output>
  </reporter-output>
  <suite name="Suite" duration-ms="9442" started-at="2018-03-22T12:00:27Z" finished-at="2018-03-22T12:00:37Z">
    <groups>
    </groups>
    <test name="Test" duration-ms="9442" started-at="2018-03-22T12:00:27Z" finished-at="2018-03-22T12:00:37Z">
      <class name="testing.gittest.AppTest">
        <test-method status="PASS" signature="tutoTest()[pri:0, instance:testing.gittest.AppTest@4671e53b]" name="tutoTest" duration-ms="9414" started-at="2018-03-22T12:00:27Z" finished-at="2018-03-22T12:00:37Z">
          <reporter-output>
          </reporter-output>
        </test-method> <!-- tutoTest -->
      </class> <!-- testing.gittest.AppTest -->
    </test> <!-- Test -->
  </suite> <!-- Suite -->
</testng-results>
