<?xml version="1.0" encoding="UTF-8"?>
<!-- Generated by org.testng.reporters.JUnitXMLReporter -->
<testsuite hostname="CSPABOUSSELHAMI" ignored="14" name="firefoxTest" tests="1" failures="1" timestamp="23 mars 2018 11:08:12 GMT" time="48.747" errors="0">
  <testcase name="Test_SC_VOD" time="43.493" classname="elastic.searchTest.AppTest">
    <failure type="java.lang.AssertionError" message="null">
      <![CDATA[java.lang.AssertionError: null
at elastic.shortcut.SC_VOD.<init>(SC_VOD.java:67)
at elastic.searchTest.AppTest.Test_SC_VOD(AppTest.java:105)
at java.util.concurrent.FutureTask.run(Unknown Source)
at java.util.concurrent.ThreadPoolExecutor.runWorker(Unknown Source)
at java.util.concurrent.ThreadPoolExecutor$Worker.run(Unknown Source)
at java.lang.Thread.run(Unknown Source)
... Removed 18 stack frames]]>
    </failure>
  </testcase> <!-- Test_SC_VOD -->
  <testcase name="Test_SC_Sport_Tt_Res" time="0.0" classname="elastic.searchTest.AppTest">
    <ignored/>
  </testcase> <!-- Test_SC_Sport_Tt_Res -->
  <testcase name="Test_SC_Music" time="0.0" classname="elastic.searchTest.AppTest">
    <ignored/>
  </testcase> <!-- Test_SC_Music -->
  <testcase name="Test_SC_Sport" time="0.0" classname="elastic.searchTest.AppTest">
    <ignored/>
  </testcase> <!-- Test_SC_Sport -->
  <testcase name="Test_SC_Club" time="0.0" classname="elastic.searchTest.AppTest">
    <ignored/>
  </testcase> <!-- Test_SC_Club -->
  <testcase name="Test_SC_Boutique" time="0.0" classname="elastic.searchTest.AppTest">
    <ignored/>
  </testcase> <!-- Test_SC_Boutique -->
  <testcase name="Test_SC_Renseignement" time="0.0" classname="elastic.searchTest.AppTest">
    <ignored/>
  </testcase> <!-- Test_SC_Renseignement -->
  <testcase name="Test_SC_ChaineTV" time="0.0" classname="elastic.searchTest.AppTest">
    <ignored/>
  </testcase> <!-- Test_SC_ChaineTV -->
  <testcase name="Test_SC_GuideTV" time="0.0" classname="elastic.searchTest.AppTest">
    <ignored/>
  </testcase> <!-- Test_SC_GuideTV -->
  <testcase name="Test_SC_Top14" time="0.0" classname="elastic.searchTest.AppTest">
    <ignored/>
  </testcase> <!-- Test_SC_Top14 -->
  <testcase name="Test_SC_Tendance" time="0.0" classname="elastic.searchTest.AppTest">
    <ignored/>
  </testcase> <!-- Test_SC_Tendance -->
  <testcase name="Test_SC_Jeux" time="0.0" classname="elastic.searchTest.AppTest">
    <ignored/>
  </testcase> <!-- Test_SC_Jeux -->
  <testcase name="Test_SC_Film" time="0.0" classname="elastic.searchTest.AppTest">
    <ignored/>
  </testcase> <!-- Test_SC_Film -->
  <testcase name="Test_SC_Album" time="0.0" classname="elastic.searchTest.AppTest">
    <ignored/>
  </testcase> <!-- Test_SC_Album -->
  <testcase name="Test_SC_Meteo" time="0.0" classname="elastic.searchTest.AppTest">
    <ignored/>
  </testcase> <!-- Test_SC_Meteo -->
</testsuite> <!-- firefoxTest -->
